c:\minho\study\c++projects\cpp_server\server\gameserver\x64\debug\gameserver.pch
c:\minho\study\c++projects\cpp_server\server\gameserver\x64\debug\vc143.pdb
c:\minho\study\c++projects\cpp_server\server\gameserver\x64\debug\vc143.idb
c:\minho\study\c++projects\cpp_server\server\gameserver\x64\debug\pch.obj
c:\minho\study\c++projects\cpp_server\server\gameserver\x64\debug\struct.pb.obj
c:\minho\study\c++projects\cpp_server\server\gameserver\x64\debug\protocol.pb.obj
c:\minho\study\c++projects\cpp_server\server\gameserver\x64\debug\enum.pb.obj
c:\minho\study\c++projects\cpp_server\server\gameserver\x64\debug\serverpackethandler.obj
c:\minho\study\c++projects\cpp_server\server\gameserver\x64\debug\gamesessionmanager.obj
c:\minho\study\c++projects\cpp_server\server\gameserver\x64\debug\gamesession.obj
c:\minho\study\c++projects\cpp_server\server\gameserver\x64\debug\gameserver.obj
c:\minho\study\c++projects\cpp_server\server\gameserver\x64\debug\gameserver.ilk
c:\minho\study\c++projects\cpp_server\server\binary\debug\gameserver.exe
c:\minho\study\c++projects\cpp_server\server\binary\debug\gameserver.pdb
c:\minho\study\c++projects\cpp_server\server\gameserver\x64\debug\gameserver.tlog\cl.command.1.tlog
c:\minho\study\c++projects\cpp_server\server\gameserver\x64\debug\gameserver.tlog\cl.read.1.tlog
c:\minho\study\c++projects\cpp_server\server\gameserver\x64\debug\gameserver.tlog\cl.write.1.tlog
c:\minho\study\c++projects\cpp_server\server\gameserver\x64\debug\gameserver.tlog\link.command.1.tlog
c:\minho\study\c++projects\cpp_server\server\gameserver\x64\debug\gameserver.tlog\link.read.1.tlog
c:\minho\study\c++projects\cpp_server\server\gameserver\x64\debug\gameserver.tlog\link.write.1.tlog
